# JRE version: OpenJDK Runtime Environment (8.0_242-b01) (build 1.8.0_242-release-1644-b01)
# Java VM: OpenJDK 64-Bit Server VM (25.242-b01 mixed mode windows-amd64 compressed oops)
Heap:
 PSYoungGen      total 74752K, used 50113K [0x00000000e0000000, 0x00000000e7f80000, 0x0000000100000000)
  eden space 64512K, 63% used [0x00000000e0000000,0x00000000e28065d0,0x00000000e3f00000)
  from space 10240K, 89% used [0x00000000e4b00000,0x00000000e53ea0a0,0x00000000e5500000)
  to   space 12288K, 0% used [0x00000000e3f00000,0x00000000e3f00000,0x00000000e4b00000)
 ParOldGen       total 58880K, used 9287K [0x00000000a0000000, 0x00000000a3980000, 0x00000000e0000000)
  object space 58880K, 15% used [0x00000000a0000000,0x00000000a0911df0,0x00000000a3980000)
 Metaspace       used 33441K, capacity 34032K, committed 34432K, reserved 1079296K
  class space    used 4558K, capacity 4721K, committed 4736K, reserved 1048576K
GC Heap History (10 events):
Event: 6.406 GC heap before
{Heap before GC invocations=5 (full 0):
 PSYoungGen      total 38400K, used 38372K [0x00000000e0000000, 0x00000000e4b00000, 0x0000000100000000)
  eden space 33280K, 100% used [0x00000000e0000000,0x00000000e2080000,0x00000000e2080000)
  from space 5120K, 99% used [0x00000000e2580000,0x00000000e2a792e0,0x00000000e2a80000)
  to   space 5120K, 0% used [0x00000000e2080000,0x00000000e2080000,0x00000000e2580000)
 ParOldGen       total 87552K, used 3397K [0x00000000a0000000, 0x00000000a5580000, 0x00000000e0000000)
  object space 87552K, 3% used [0x00000000a0000000,0x00000000a03517c8,0x00000000a5580000)
 Metaspace       used 17426K, capacity 17768K, committed 18048K, reserved 1064960K
  class space    used 2492K, capacity 2630K, committed 2688K, reserved 1048576K
Event: 6.427 GC heap after
Heap after GC invocations=5 (full 0):
 PSYoungGen      total 38400K, used 5088K [0x00000000e0000000, 0x00000000e5500000, 0x0000000100000000)
  eden space 33280K, 0% used [0x00000000e0000000,0x00000000e0000000,0x00000000e2080000)
  from space 5120K, 99% used [0x00000000e2080000,0x00000000e2578040,0x00000000e2580000)
  to   space 10240K, 0% used [0x00000000e4b00000,0x00000000e4b00000,0x00000000e5500000)
 ParOldGen       total 87552K, used 6917K [0x00000000a0000000, 0x00000000a5580000, 0x00000000e0000000)
  object space 87552K, 7% used [0x00000000a0000000,0x00000000a06c1588,0x00000000a5580000)
 Metaspace       used 17426K, capacity 17768K, committed 18048K, reserved 1064960K
  class space    used 2492K, capacity 2630K, committed 2688K, reserved 1048576K
}
Event: 7.282 GC heap before
{Heap before GC invocations=6 (full 0):
 PSYoungGen      total 38400K, used 30570K [0x00000000e0000000, 0x00000000e5500000, 0x0000000100000000)
  eden space 33280K, 76% used [0x00000000e0000000,0x00000000e18e2b10,0x00000000e2080000)
  from space 5120K, 99% used [0x00000000e2080000,0x00000000e2578040,0x00000000e2580000)
  to   space 10240K, 0% used [0x00000000e4b00000,0x00000000e4b00000,0x00000000e5500000)
 ParOldGen       total 87552K, used 6917K [0x00000000a0000000, 0x00000000a5580000, 0x00000000e0000000)
  object space 87552K, 7% used [0x00000000a0000000,0x00000000a06c1588,0x00000000a5580000)
 Metaspace       used 20682K, capacity 21014K, committed 21248K, reserved 1067008K
  class space    used 2910K, capacity 3049K, committed 3072K, reserved 1048576K
Event: 7.295 GC heap after
Heap after GC invocations=6 (full 0):
 PSYoungGen      total 75776K, used 8702K [0x00000000e0000000, 0x00000000e5700000, 0x0000000100000000)
  eden space 65536K, 0% used [0x00000000e0000000,0x00000000e0000000,0x00000000e4000000)
  from space 10240K, 84% used [0x00000000e4b00000,0x00000000e537f870,0x00000000e5500000)
  to   space 11264K, 0% used [0x00000000e4000000,0x00000000e4000000,0x00000000e4b00000)
 ParOldGen       total 87552K, used 6925K [0x00000000a0000000, 0x00000000a5580000, 0x00000000e0000000)
  object space 87552K, 7% used [0x00000000a0000000,0x00000000a06c3588,0x00000000a5580000)
 Metaspace       used 20682K, capacity 21014K, committed 21248K, reserved 1067008K
  class space    used 2910K, capacity 3049K, committed 3072K, reserved 1048576K
}
Event: 7.295 GC heap before
{Heap before GC invocations=7 (full 1):
 PSYoungGen      total 75776K, used 8702K [0x00000000e0000000, 0x00000000e5700000, 0x0000000100000000)
  eden space 65536K, 0% used [0x00000000e0000000,0x00000000e0000000,0x00000000e4000000)
  from space 10240K, 84% used [0x00000000e4b00000,0x00000000e537f870,0x00000000e5500000)
  to   space 11264K, 0% used [0x00000000e4000000,0x00000000e4000000,0x00000000e4b00000)
 ParOldGen       total 87552K, used 6925K [0x00000000a0000000, 0x00000000a5580000, 0x00000000e0000000)
  object space 87552K, 7% used [0x00000000a0000000,0x00000000a06c3588,0x00000000a5580000)
 Metaspace       used 20682K, capacity 21014K, committed 21248K, reserved 1067008K
  class space    used 2910K, capacity 3049K, committed 3072K, reserved 1048576K
Event: 7.363 GC heap after
Heap after GC invocations=7 (full 1):
 PSYoungGen      total 75776K, used 0K [0x00000000e0000000, 0x00000000e5700000, 0x0000000100000000)
  eden space 65536K, 0% used [0x00000000e0000000,0x00000000e0000000,0x00000000e4000000)
  from space 10240K, 0% used [0x00000000e4b00000,0x00000000e4b00000,0x00000000e5500000)
  to   space 11264K, 0% used [0x00000000e4000000,0x00000000e4000000,0x00000000e4b00000)
 ParOldGen       total 58880K, used 9271K [0x00000000a0000000, 0x00000000a3980000, 0x00000000e0000000)
  object space 58880K, 15% used [0x00000000a0000000,0x00000000a090ddf0,0x00000000a3980000)
 Metaspace       used 20682K, capacity 21014K, committed 21248K, reserved 1067008K
  class space    used 2910K, capacity 3049K, committed 3072K, reserved 1048576K
}
Event: 9.580 GC heap before
{Heap before GC invocations=8 (full 1):
 PSYoungGen      total 75776K, used 65536K [0x00000000e0000000, 0x00000000e5700000, 0x0000000100000000)
  eden space 65536K, 100% used [0x00000000e0000000,0x00000000e4000000,0x00000000e4000000)
  from space 10240K, 0% used [0x00000000e4b00000,0x00000000e4b00000,0x00000000e5500000)
  to   space 11264K, 0% used [0x00000000e4000000,0x00000000e4000000,0x00000000e4b00000)
 ParOldGen       total 58880K, used 9271K [0x00000000a0000000, 0x00000000a3980000, 0x00000000e0000000)
  object space 58880K, 15% used [0x00000000a0000000,0x00000000a090ddf0,0x00000000a3980000)
 Metaspace       used 28028K, capacity 28462K, committed 28928K, reserved 1075200K
  class space    used 3817K, capacity 3969K, committed 4096K, reserved 1048576K
Event: 9.592 GC heap after
Heap after GC invocations=8 (full 1):
 PSYoungGen      total 76800K, used 8326K [0x00000000e0000000, 0x00000000e5700000, 0x0000000100000000)
  eden space 65536K, 0% used [0x00000000e0000000,0x00000000e0000000,0x00000000e4000000)
  from space 11264K, 73% used [0x00000000e4000000,0x00000000e4821a10,0x00000000e4b00000)
  to   space 10240K, 0% used [0x00000000e4b00000,0x00000000e4b00000,0x00000000e5500000)
 ParOldGen       total 58880K, used 9279K [0x00000000a0000000, 0x00000000a3980000, 0x00000000e0000000)
  object space 58880K, 15% used [0x00000000a0000000,0x00000000a090fdf0,0x00000000a3980000)
 Metaspace       used 28028K, capacity 28462K, committed 28928K, reserved 1075200K
  class space    used 3817K, capacity 3969K, committed 4096K, reserved 1048576K
}
Event: 10.461 GC heap before
{Heap before GC invocations=9 (full 1):
 PSYoungGen      total 76800K, used 73862K [0x00000000e0000000, 0x00000000e5700000, 0x0000000100000000)
  eden space 65536K, 100% used [0x00000000e0000000,0x00000000e4000000,0x00000000e4000000)
  from space 11264K, 73% used [0x00000000e4000000,0x00000000e4821a10,0x00000000e4b00000)
  to   space 10240K, 0% used [0x00000000e4b00000,0x00000000e4b00000,0x00000000e5500000)
 ParOldGen       total 58880K, used 9279K [0x00000000a0000000, 0x00000000a3980000, 0x00000000e0000000)
  object space 58880K, 15% used [0x00000000a0000000,0x00000000a090fdf0,0x00000000a3980000)
 Metaspace       used 31338K, capacity 31838K, committed 32128K, reserved 1077248K
  class space    used 4274K, capacity 4430K, committed 4480K, reserved 1048576K
Event: 10.476 GC heap after
Heap after GC invocations=9 (full 1):
 PSYoungGen      total 74752K, used 9128K [0x00000000e0000000, 0x00000000e7f80000, 0x0000000100000000)
  eden space 64512K, 0% used [0x00000000e0000000,0x00000000e0000000,0x00000000e3f00000)
  from space 10240K, 89% used [0x00000000e4b00000,0x00000000e53ea0a0,0x00000000e5500000)
  to   space 12288K, 0% used [0x00000000e3f00000,0x00000000e3f00000,0x00000000e4b00000)
 ParOldGen       total 58880K, used 9287K [0x00000000a0000000, 0x00000000a3980000, 0x00000000e0000000)
  object space 58880K, 15% used [0x00000000a0000000,0x00000000a0911df0,0x00000000a3980000)
 Metaspace       used 31338K, capacity 31838K, committed 32128K, reserved 1077248K
  class space    used 4274K, capacity 4430K, committed 4480K, reserved 1048576K
}

