# JRE version: OpenJDK Runtime Environment (8.0_242-b01) (build 1.8.0_242-release-1644-b01)
# Java VM: OpenJDK 64-Bit Server VM (25.242-b01 mixed mode windows-amd64 compressed oops)
Heap:
 PSYoungGen      total 155648K, used 146543K [0x00000000e0000000, 0x00000000eac80000, 0x0000000100000000)
  eden space 142336K, 93% used [0x00000000e0000000,0x00000000e82264f8,0x00000000e8b00000)
  from space 13312K, 99% used [0x00000000e9f80000,0x00000000eac757b8,0x00000000eac80000)
  to   space 14848K, 0% used [0x00000000e8f80000,0x00000000e8f80000,0x00000000e9e00000)
 ParOldGen       total 86016K, used 18433K [0x00000000a0000000, 0x00000000a5400000, 0x00000000e0000000)
  object space 86016K, 21% used [0x00000000a0000000,0x00000000a12005b8,0x00000000a5400000)
 Metaspace       used 52366K, capacity 53856K, committed 54104K, reserved 1095680K
  class space    used 7113K, capacity 7548K, committed 7552K, reserved 1048576K
GC Heap History (10 events):
Event: 11.861 GC heap before
{Heap before GC invocations=8 (full 1):
 PSYoungGen      total 75776K, used 65536K [0x00000000e0000000, 0x00000000e5700000, 0x0000000100000000)
  eden space 65536K, 100% used [0x00000000e0000000,0x00000000e4000000,0x00000000e4000000)
  from space 10240K, 0% used [0x00000000e4b00000,0x00000000e4b00000,0x00000000e5500000)
  to   space 11264K, 0% used [0x00000000e4000000,0x00000000e4000000,0x00000000e4b00000)
 ParOldGen       total 57856K, used 9269K [0x00000000a0000000, 0x00000000a3880000, 0x00000000e0000000)
  object space 57856K, 16% used [0x00000000a0000000,0x00000000a090d4a8,0x00000000a3880000)
 Metaspace       used 27959K, capacity 28334K, committed 28672K, reserved 1073152K
  class space    used 3808K, capacity 3969K, committed 4096K, reserved 1048576K
Event: 11.873 GC heap after
Heap after GC invocations=8 (full 1):
 PSYoungGen      total 76800K, used 8340K [0x00000000e0000000, 0x00000000e8000000, 0x0000000100000000)
  eden space 65536K, 0% used [0x00000000e0000000,0x00000000e0000000,0x00000000e4000000)
  from space 11264K, 74% used [0x00000000e4000000,0x00000000e4825000,0x00000000e4b00000)
  to   space 11776K, 0% used [0x00000000e7480000,0x00000000e7480000,0x00000000e8000000)
 ParOldGen       total 57856K, used 9277K [0x00000000a0000000, 0x00000000a3880000, 0x00000000e0000000)
  object space 57856K, 16% used [0x00000000a0000000,0x00000000a090f4a8,0x00000000a3880000)
 Metaspace       used 27959K, capacity 28334K, committed 28672K, reserved 1073152K
  class space    used 3808K, capacity 3969K, committed 4096K, reserved 1048576K
}
Event: 13.021 GC heap before
{Heap before GC invocations=9 (full 1):
 PSYoungGen      total 76800K, used 73876K [0x00000000e0000000, 0x00000000e8000000, 0x0000000100000000)
  eden space 65536K, 100% used [0x00000000e0000000,0x00000000e4000000,0x00000000e4000000)
  from space 11264K, 74% used [0x00000000e4000000,0x00000000e4825000,0x00000000e4b00000)
  to   space 11776K, 0% used [0x00000000e7480000,0x00000000e7480000,0x00000000e8000000)
 ParOldGen       total 57856K, used 9277K [0x00000000a0000000, 0x00000000a3880000, 0x00000000e0000000)
  object space 57856K, 16% used [0x00000000a0000000,0x00000000a090f4a8,0x00000000a3880000)
 Metaspace       used 31323K, capacity 31838K, committed 32128K, reserved 1077248K
  class space    used 4274K, capacity 4430K, committed 4480K, reserved 1048576K
Event: 13.038 GC heap after
Heap after GC invocations=9 (full 1):
 PSYoungGen      total 118784K, used 9136K [0x00000000e0000000, 0x00000000e8180000, 0x0000000100000000)
  eden space 107008K, 0% used [0x00000000e0000000,0x00000000e0000000,0x00000000e6880000)
  from space 11776K, 77% used [0x00000000e7480000,0x00000000e7d6c0b0,0x00000000e8000000)
  to   space 12288K, 0% used [0x00000000e6880000,0x00000000e6880000,0x00000000e7480000)
 ParOldGen       total 57856K, used 9285K [0x00000000a0000000, 0x00000000a3880000, 0x00000000e0000000)
  object space 57856K, 16% used [0x00000000a0000000,0x00000000a09114a8,0x00000000a3880000)
 Metaspace       used 31323K, capacity 31838K, committed 32128K, reserved 1077248K
  class space    used 4274K, capacity 4430K, committed 4480K, reserved 1048576K
}
Event: 14.867 GC heap before
{Heap before GC invocations=10 (full 1):
 PSYoungGen      total 118784K, used 79561K [0x00000000e0000000, 0x00000000e8180000, 0x0000000100000000)
  eden space 107008K, 65% used [0x00000000e0000000,0x00000000e44c66f8,0x00000000e6880000)
  from space 11776K, 77% used [0x00000000e7480000,0x00000000e7d6c0b0,0x00000000e8000000)
  to   space 12288K, 0% used [0x00000000e6880000,0x00000000e6880000,0x00000000e7480000)
 ParOldGen       total 57856K, used 9285K [0x00000000a0000000, 0x00000000a3880000, 0x00000000e0000000)
  object space 57856K, 16% used [0x00000000a0000000,0x00000000a09114a8,0x00000000a3880000)
 Metaspace       used 34513K, capacity 35376K, committed 35416K, reserved 1079296K
  class space    used 4722K, capacity 4989K, committed 4992K, reserved 1048576K
Event: 14.898 GC heap after
Heap after GC invocations=10 (full 1):
 PSYoungGen      total 119296K, used 11758K [0x00000000e0000000, 0x00000000eac80000, 0x0000000100000000)
  eden space 107008K, 0% used [0x00000000e0000000,0x00000000e0000000,0x00000000e6880000)
  from space 12288K, 95% used [0x00000000e6880000,0x00000000e73fb808,0x00000000e7480000)
  to   space 13312K, 0% used [0x00000000e9f80000,0x00000000e9f80000,0x00000000eac80000)
 ParOldGen       total 57856K, used 9293K [0x00000000a0000000, 0x00000000a3880000, 0x00000000e0000000)
  object space 57856K, 16% used [0x00000000a0000000,0x00000000a09134a8,0x00000000a3880000)
 Metaspace       used 34513K, capacity 35376K, committed 35416K, reserved 1079296K
  class space    used 4722K, capacity 4989K, committed 4992K, reserved 1048576K
}
Event: 14.898 GC heap before
{Heap before GC invocations=11 (full 2):
 PSYoungGen      total 119296K, used 11758K [0x00000000e0000000, 0x00000000eac80000, 0x0000000100000000)
  eden space 107008K, 0% used [0x00000000e0000000,0x00000000e0000000,0x00000000e6880000)
  from space 12288K, 95% used [0x00000000e6880000,0x00000000e73fb808,0x00000000e7480000)
  to   space 13312K, 0% used [0x00000000e9f80000,0x00000000e9f80000,0x00000000eac80000)
 ParOldGen       total 57856K, used 9293K [0x00000000a0000000, 0x00000000a3880000, 0x00000000e0000000)
  object space 57856K, 16% used [0x00000000a0000000,0x00000000a09134a8,0x00000000a3880000)
 Metaspace       used 34513K, capacity 35376K, committed 35416K, reserved 1079296K
  class space    used 4722K, capacity 4989K, committed 4992K, reserved 1048576K
Event: 14.977 GC heap after
Heap after GC invocations=11 (full 2):
 PSYoungGen      total 119296K, used 0K [0x00000000e0000000, 0x00000000eac80000, 0x0000000100000000)
  eden space 107008K, 0% used [0x00000000e0000000,0x00000000e0000000,0x00000000e6880000)
  from space 12288K, 0% used [0x00000000e6880000,0x00000000e6880000,0x00000000e7480000)
  to   space 13312K, 0% used [0x00000000e9f80000,0x00000000e9f80000,0x00000000eac80000)
 ParOldGen       total 86016K, used 18425K [0x00000000a0000000, 0x00000000a5400000, 0x00000000e0000000)
  object space 86016K, 21% used [0x00000000a0000000,0x00000000a11fe5b8,0x00000000a5400000)
 Metaspace       used 34497K, capacity 35322K, committed 35416K, reserved 1079296K
  class space    used 4717K, capacity 4980K, committed 4992K, reserved 1048576K
}
Event: 17.702 GC heap before
{Heap before GC invocations=12 (full 2):
 PSYoungGen      total 119296K, used 107008K [0x00000000e0000000, 0x00000000eac80000, 0x0000000100000000)
  eden space 107008K, 100% used [0x00000000e0000000,0x00000000e6880000,0x00000000e6880000)
  from space 12288K, 0% used [0x00000000e6880000,0x00000000e6880000,0x00000000e7480000)
  to   space 13312K, 0% used [0x00000000e9f80000,0x00000000e9f80000,0x00000000eac80000)
 ParOldGen       total 86016K, used 18425K [0x00000000a0000000, 0x00000000a5400000, 0x00000000e0000000)
  object space 86016K, 21% used [0x00000000a0000000,0x00000000a11fe5b8,0x00000000a5400000)
 Metaspace       used 44847K, capacity 45892K, committed 46296K, reserved 1089536K
  class space    used 5980K, capacity 6284K, committed 6400K, reserved 1048576K
Event: 17.729 GC heap after
Heap after GC invocations=12 (full 2):
 PSYoungGen      total 155648K, used 13269K [0x00000000e0000000, 0x00000000eac80000, 0x0000000100000000)
  eden space 142336K, 0% used [0x00000000e0000000,0x00000000e0000000,0x00000000e8b00000)
  from space 13312K, 99% used [0x00000000e9f80000,0x00000000eac757b8,0x00000000eac80000)
  to   space 14848K, 0% used [0x00000000e8f80000,0x00000000e8f80000,0x00000000e9e00000)
 ParOldGen       total 86016K, used 18433K [0x00000000a0000000, 0x00000000a5400000, 0x00000000e0000000)
  object space 86016K, 21% used [0x00000000a0000000,0x00000000a12005b8,0x00000000a5400000)
 Metaspace       used 44847K, capacity 45892K, committed 46296K, reserved 1089536K
  class space    used 5980K, capacity 6284K, committed 6400K, reserved 1048576K
}

