# JRE version: OpenJDK Runtime Environment (8.0_242-b01) (build 1.8.0_242-release-1644-b01)
# Java VM: OpenJDK 64-Bit Server VM (25.242-b01 mixed mode windows-amd64 compressed oops)
Heap:
 PSYoungGen      total 168448K, used 11207K [0x00000000e0000000, 0x00000000edd80000, 0x0000000100000000)
  eden space 154112K, 7% used [0x00000000e0000000,0x00000000e0af1c48,0x00000000e9680000)
  from space 14336K, 0% used [0x00000000ea500000,0x00000000ea500000,0x00000000eb300000)
  to   space 14848K, 0% used [0x00000000e9680000,0x00000000e9680000,0x00000000ea500000)
 ParOldGen       total 66048K, used 16450K [0x00000000a0000000, 0x00000000a4080000, 0x00000000e0000000)
  object space 66048K, 24% used [0x00000000a0000000,0x00000000a10109b8,0x00000000a4080000)
 Metaspace       used 36497K, capacity 37406K, committed 37464K, reserved 1081344K
  class space    used 4979K, capacity 5248K, committed 5248K, reserved 1048576K
GC Heap History (10 events):
Event: 6.374 GC heap before
{Heap before GC invocations=6 (full 1):
 PSYoungGen      total 71680K, used 5088K [0x00000000e0000000, 0x00000000e9b00000, 0x0000000100000000)
  eden space 66560K, 0% used [0x00000000e0000000,0x00000000e0000000,0x00000000e4100000)
  from space 5120K, 99% used [0x00000000e4100000,0x00000000e45f8030,0x00000000e4600000)
  to   space 12800K, 0% used [0x00000000e8e80000,0x00000000e8e80000,0x00000000e9b00000)
 ParOldGen       total 87552K, used 10657K [0x00000000a0000000, 0x00000000a5580000, 0x00000000e0000000)
  object space 87552K, 12% used [0x00000000a0000000,0x00000000a0a68658,0x00000000a5580000)
 Metaspace       used 20682K, capacity 21014K, committed 21248K, reserved 1067008K
  class space    used 2911K, capacity 3049K, committed 3072K, reserved 1048576K
Event: 6.443 GC heap after
Heap after GC invocations=6 (full 1):
 PSYoungGen      total 71680K, used 0K [0x00000000e0000000, 0x00000000e9b00000, 0x0000000100000000)
  eden space 66560K, 0% used [0x00000000e0000000,0x00000000e0000000,0x00000000e4100000)
  from space 5120K, 0% used [0x00000000e4100000,0x00000000e4100000,0x00000000e4600000)
  to   space 12800K, 0% used [0x00000000e8e80000,0x00000000e8e80000,0x00000000e9b00000)
 ParOldGen       total 66048K, used 11835K [0x00000000a0000000, 0x00000000a4080000, 0x00000000e0000000)
  object space 66048K, 17% used [0x00000000a0000000,0x00000000a0b8eca8,0x00000000a4080000)
 Metaspace       used 20682K, capacity 21014K, committed 21248K, reserved 1067008K
  class space    used 2911K, capacity 3049K, committed 3072K, reserved 1048576K
}
Event: 9.158 GC heap before
{Heap before GC invocations=7 (full 1):
 PSYoungGen      total 71680K, used 66560K [0x00000000e0000000, 0x00000000e9b00000, 0x0000000100000000)
  eden space 66560K, 100% used [0x00000000e0000000,0x00000000e4100000,0x00000000e4100000)
  from space 5120K, 0% used [0x00000000e4100000,0x00000000e4100000,0x00000000e4600000)
  to   space 12800K, 0% used [0x00000000e8e80000,0x00000000e8e80000,0x00000000e9b00000)
 ParOldGen       total 66048K, used 11835K [0x00000000a0000000, 0x00000000a4080000, 0x00000000e0000000)
  object space 66048K, 17% used [0x00000000a0000000,0x00000000a0b8eca8,0x00000000a4080000)
 Metaspace       used 27981K, capacity 28334K, committed 28672K, reserved 1073152K
  class space    used 3813K, capacity 3969K, committed 4096K, reserved 1048576K
Event: 9.168 GC heap after
Heap after GC invocations=7 (full 1):
 PSYoungGen      total 110592K, used 8310K [0x00000000e0000000, 0x00000000e9700000, 0x0000000100000000)
  eden space 101888K, 0% used [0x00000000e0000000,0x00000000e0000000,0x00000000e6380000)
  from space 8704K, 95% used [0x00000000e8e80000,0x00000000e969db00,0x00000000e9700000)
  to   space 12800K, 0% used [0x00000000e7e00000,0x00000000e7e00000,0x00000000e8a80000)
 ParOldGen       total 66048K, used 11843K [0x00000000a0000000, 0x00000000a4080000, 0x00000000e0000000)
  object space 66048K, 17% used [0x00000000a0000000,0x00000000a0b90ca8,0x00000000a4080000)
 Metaspace       used 27981K, capacity 28334K, committed 28672K, reserved 1073152K
  class space    used 3813K, capacity 3969K, committed 4096K, reserved 1048576K
}
Event: 10.895 GC heap before
{Heap before GC invocations=8 (full 1):
 PSYoungGen      total 110592K, used 110198K [0x00000000e0000000, 0x00000000e9700000, 0x0000000100000000)
  eden space 101888K, 100% used [0x00000000e0000000,0x00000000e6380000,0x00000000e6380000)
  from space 8704K, 95% used [0x00000000e8e80000,0x00000000e969db00,0x00000000e9700000)
  to   space 12800K, 0% used [0x00000000e7e00000,0x00000000e7e00000,0x00000000e8a80000)
 ParOldGen       total 66048K, used 11843K [0x00000000a0000000, 0x00000000a4080000, 0x00000000e0000000)
  object space 66048K, 17% used [0x00000000a0000000,0x00000000a0b90ca8,0x00000000a4080000)
 Metaspace       used 33268K, capacity 33812K, committed 34176K, reserved 1079296K
  class space    used 4548K, capacity 4719K, committed 4736K, reserved 1048576K
Event: 10.911 GC heap after
Heap after GC invocations=8 (full 1):
 PSYoungGen      total 141824K, used 11744K [0x00000000e0000000, 0x00000000eb300000, 0x0000000100000000)
  eden space 129024K, 0% used [0x00000000e0000000,0x00000000e0000000,0x00000000e7e00000)
  from space 12800K, 91% used [0x00000000e7e00000,0x00000000e8978200,0x00000000e8a80000)
  to   space 14336K, 0% used [0x00000000ea500000,0x00000000ea500000,0x00000000eb300000)
 ParOldGen       total 66048K, used 11851K [0x00000000a0000000, 0x00000000a4080000, 0x00000000e0000000)
  object space 66048K, 17% used [0x00000000a0000000,0x00000000a0b92ca8,0x00000000a4080000)
 Metaspace       used 33268K, capacity 33812K, committed 34176K, reserved 1079296K
  class space    used 4548K, capacity 4719K, committed 4736K, reserved 1048576K
}
Event: 12.051 GC heap before
{Heap before GC invocations=9 (full 1):
 PSYoungGen      total 141824K, used 48671K [0x00000000e0000000, 0x00000000eb300000, 0x0000000100000000)
  eden space 129024K, 28% used [0x00000000e0000000,0x00000000e240fcc0,0x00000000e7e00000)
  from space 12800K, 91% used [0x00000000e7e00000,0x00000000e8978200,0x00000000e8a80000)
  to   space 14336K, 0% used [0x00000000ea500000,0x00000000ea500000,0x00000000eb300000)
 ParOldGen       total 66048K, used 11851K [0x00000000a0000000, 0x00000000a4080000, 0x00000000e0000000)
  object space 66048K, 17% used [0x00000000a0000000,0x00000000a0b92ca8,0x00000000a4080000)
 Metaspace       used 34600K, capacity 35398K, committed 35416K, reserved 1079296K
  class space    used 4721K, capacity 4982K, committed 4992K, reserved 1048576K
Event: 12.067 GC heap after
Heap after GC invocations=9 (full 1):
 PSYoungGen      total 168448K, used 9802K [0x00000000e0000000, 0x00000000edd80000, 0x0000000100000000)
  eden space 154112K, 0% used [0x00000000e0000000,0x00000000e0000000,0x00000000e9680000)
  from space 14336K, 68% used [0x00000000ea500000,0x00000000eae92b00,0x00000000eb300000)
  to   space 14848K, 0% used [0x00000000e9680000,0x00000000e9680000,0x00000000ea500000)
 ParOldGen       total 66048K, used 11859K [0x00000000a0000000, 0x00000000a4080000, 0x00000000e0000000)
  object space 66048K, 17% used [0x00000000a0000000,0x00000000a0b94ca8,0x00000000a4080000)
 Metaspace       used 34600K, capacity 35398K, committed 35416K, reserved 1079296K
  class space    used 4721K, capacity 4982K, committed 4992K, reserved 1048576K
}
Event: 12.067 GC heap before
{Heap before GC invocations=10 (full 2):
 PSYoungGen      total 168448K, used 9802K [0x00000000e0000000, 0x00000000edd80000, 0x0000000100000000)
  eden space 154112K, 0% used [0x00000000e0000000,0x00000000e0000000,0x00000000e9680000)
  from space 14336K, 68% used [0x00000000ea500000,0x00000000eae92b00,0x00000000eb300000)
  to   space 14848K, 0% used [0x00000000e9680000,0x00000000e9680000,0x00000000ea500000)
 ParOldGen       total 66048K, used 11859K [0x00000000a0000000, 0x00000000a4080000, 0x00000000e0000000)
  object space 66048K, 17% used [0x00000000a0000000,0x00000000a0b94ca8,0x00000000a4080000)
 Metaspace       used 34600K, capacity 35398K, committed 35416K, reserved 1079296K
  class space    used 4721K, capacity 4982K, committed 4992K, reserved 1048576K
Event: 12.146 GC heap after
Heap after GC invocations=10 (full 2):
 PSYoungGen      total 168448K, used 0K [0x00000000e0000000, 0x00000000edd80000, 0x0000000100000000)
  eden space 154112K, 0% used [0x00000000e0000000,0x00000000e0000000,0x00000000e9680000)
  from space 14336K, 0% used [0x00000000ea500000,0x00000000ea500000,0x00000000eb300000)
  to   space 14848K, 0% used [0x00000000e9680000,0x00000000e9680000,0x00000000ea500000)
 ParOldGen       total 66048K, used 16450K [0x00000000a0000000, 0x00000000a4080000, 0x00000000e0000000)
  object space 66048K, 24% used [0x00000000a0000000,0x00000000a10109b8,0x00000000a4080000)
 Metaspace       used 34596K, capacity 35386K, committed 35416K, reserved 1079296K
  class space    used 4719K, capacity 4980K, committed 4992K, reserved 1048576K
}

