# JRE version: OpenJDK Runtime Environment (8.0_242-b01) (build 1.8.0_242-release-1644-b01)
# Java VM: OpenJDK 64-Bit Server VM (25.242-b01 mixed mode windows-amd64 compressed oops)
Heap:
 PSYoungGen      total 64000K, used 62517K [0x00000000e0000000, 0x00000000e7a80000, 0x0000000100000000)
  eden space 58880K, 97% used [0x00000000e0000000,0x00000000e3815620,0x00000000e3980000)
  from space 5120K, 99% used [0x00000000e4600000,0x00000000e4af80b0,0x00000000e4b00000)
  to   space 12800K, 0% used [0x00000000e3980000,0x00000000e3980000,0x00000000e4600000)
 ParOldGen       total 67072K, used 15074K [0x00000000a0000000, 0x00000000a4180000, 0x00000000e0000000)
  object space 67072K, 22% used [0x00000000a0000000,0x00000000a0eb8870,0x00000000a4180000)
 Metaspace       used 30874K, capacity 31436K, committed 31872K, reserved 1077248K
  class space    used 4195K, capacity 4363K, committed 4480K, reserved 1048576K
GC Heap History (10 events):
Event: 3.849 GC heap before
{Heap before GC invocations=3 (full 0):
 PSYoungGen      total 38400K, used 36593K [0x00000000e0000000, 0x00000000e4b00000, 0x0000000100000000)
  eden space 33280K, 100% used [0x00000000e0000000,0x00000000e2080000,0x00000000e2080000)
  from space 5120K, 64% used [0x00000000e2580000,0x00000000e28bc500,0x00000000e2a80000)
  to   space 5120K, 0% used [0x00000000e2080000,0x00000000e2080000,0x00000000e2580000)
 ParOldGen       total 87552K, used 24K [0x00000000a0000000, 0x00000000a5580000, 0x00000000e0000000)
  object space 87552K, 0% used [0x00000000a0000000,0x00000000a0006000,0x00000000a5580000)
 Metaspace       used 11928K, capacity 12274K, committed 12544K, reserved 1060864K
  class space    used 1594K, capacity 1709K, committed 1792K, reserved 1048576K
Event: 3.867 GC heap after
Heap after GC invocations=3 (full 0):
 PSYoungGen      total 38400K, used 5088K [0x00000000e0000000, 0x00000000e4b00000, 0x0000000100000000)
  eden space 33280K, 0% used [0x00000000e0000000,0x00000000e0000000,0x00000000e2080000)
  from space 5120K, 99% used [0x00000000e2080000,0x00000000e2578020,0x00000000e2580000)
  to   space 5120K, 0% used [0x00000000e4600000,0x00000000e4600000,0x00000000e4b00000)
 ParOldGen       total 87552K, used 1220K [0x00000000a0000000, 0x00000000a5580000, 0x00000000e0000000)
  object space 87552K, 1% used [0x00000000a0000000,0x00000000a01312a0,0x00000000a5580000)
 Metaspace       used 11928K, capacity 12274K, committed 12544K, reserved 1060864K
  class space    used 1594K, capacity 1709K, committed 1792K, reserved 1048576K
}
Event: 4.500 GC heap before
{Heap before GC invocations=4 (full 0):
 PSYoungGen      total 38400K, used 38368K [0x00000000e0000000, 0x00000000e4b00000, 0x0000000100000000)
  eden space 33280K, 100% used [0x00000000e0000000,0x00000000e2080000,0x00000000e2080000)
  from space 5120K, 99% used [0x00000000e2080000,0x00000000e2578020,0x00000000e2580000)
  to   space 5120K, 0% used [0x00000000e4600000,0x00000000e4600000,0x00000000e4b00000)
 ParOldGen       total 87552K, used 1220K [0x00000000a0000000, 0x00000000a5580000, 0x00000000e0000000)
  object space 87552K, 1% used [0x00000000a0000000,0x00000000a01312a0,0x00000000a5580000)
 Metaspace       used 14295K, capacity 14590K, committed 14976K, reserved 1062912K
  class space    used 1996K, capacity 2099K, committed 2176K, reserved 1048576K
Event: 4.522 GC heap after
Heap after GC invocations=4 (full 0):
 PSYoungGen      total 71680K, used 5092K [0x00000000e0000000, 0x00000000e4b00000, 0x0000000100000000)
  eden space 66560K, 0% used [0x00000000e0000000,0x00000000e0000000,0x00000000e4100000)
  from space 5120K, 99% used [0x00000000e4600000,0x00000000e4af9388,0x00000000e4b00000)
  to   space 5120K, 0% used [0x00000000e4100000,0x00000000e4100000,0x00000000e4600000)
 ParOldGen       total 87552K, used 3484K [0x00000000a0000000, 0x00000000a5580000, 0x00000000e0000000)
  object space 87552K, 3% used [0x00000000a0000000,0x00000000a0367138,0x00000000a5580000)
 Metaspace       used 14295K, capacity 14590K, committed 14976K, reserved 1062912K
  class space    used 1996K, capacity 2099K, committed 2176K, reserved 1048576K
}
Event: 6.822 GC heap before
{Heap before GC invocations=5 (full 0):
 PSYoungGen      total 71680K, used 64633K [0x00000000e0000000, 0x00000000e4b00000, 0x0000000100000000)
  eden space 66560K, 89% used [0x00000000e0000000,0x00000000e3a25218,0x00000000e4100000)
  from space 5120K, 99% used [0x00000000e4600000,0x00000000e4af9388,0x00000000e4b00000)
  to   space 5120K, 0% used [0x00000000e4100000,0x00000000e4100000,0x00000000e4600000)
 ParOldGen       total 87552K, used 3484K [0x00000000a0000000, 0x00000000a5580000, 0x00000000e0000000)
  object space 87552K, 3% used [0x00000000a0000000,0x00000000a0367138,0x00000000a5580000)
 Metaspace       used 20672K, capacity 21014K, committed 21248K, reserved 1067008K
  class space    used 2911K, capacity 3049K, committed 3072K, reserved 1048576K
Event: 6.852 GC heap after
Heap after GC invocations=5 (full 0):
 PSYoungGen      total 71680K, used 5105K [0x00000000e0000000, 0x00000000e4b00000, 0x0000000100000000)
  eden space 66560K, 0% used [0x00000000e0000000,0x00000000e0000000,0x00000000e4100000)
  from space 5120K, 99% used [0x00000000e4100000,0x00000000e45fc5c8,0x00000000e4600000)
  to   space 5120K, 0% used [0x00000000e4600000,0x00000000e4600000,0x00000000e4b00000)
 ParOldGen       total 87552K, used 10631K [0x00000000a0000000, 0x00000000a5580000, 0x00000000e0000000)
  object space 87552K, 12% used [0x00000000a0000000,0x00000000a0a61e60,0x00000000a5580000)
 Metaspace       used 20672K, capacity 21014K, committed 21248K, reserved 1067008K
  class space    used 2911K, capacity 3049K, committed 3072K, reserved 1048576K
}
Event: 6.852 GC heap before
{Heap before GC invocations=6 (full 1):
 PSYoungGen      total 71680K, used 5105K [0x00000000e0000000, 0x00000000e4b00000, 0x0000000100000000)
  eden space 66560K, 0% used [0x00000000e0000000,0x00000000e0000000,0x00000000e4100000)
  from space 5120K, 99% used [0x00000000e4100000,0x00000000e45fc5c8,0x00000000e4600000)
  to   space 5120K, 0% used [0x00000000e4600000,0x00000000e4600000,0x00000000e4b00000)
 ParOldGen       total 87552K, used 10631K [0x00000000a0000000, 0x00000000a5580000, 0x00000000e0000000)
  object space 87552K, 12% used [0x00000000a0000000,0x00000000a0a61e60,0x00000000a5580000)
 Metaspace       used 20672K, capacity 21014K, committed 21248K, reserved 1067008K
  class space    used 2911K, capacity 3049K, committed 3072K, reserved 1048576K
Event: 6.944 GC heap after
Heap after GC invocations=6 (full 1):
 PSYoungGen      total 71680K, used 0K [0x00000000e0000000, 0x00000000e4b00000, 0x0000000100000000)
  eden space 66560K, 0% used [0x00000000e0000000,0x00000000e0000000,0x00000000e4100000)
  from space 5120K, 0% used [0x00000000e4100000,0x00000000e4100000,0x00000000e4600000)
  to   space 5120K, 0% used [0x00000000e4600000,0x00000000e4600000,0x00000000e4b00000)
 ParOldGen       total 67072K, used 11872K [0x00000000a0000000, 0x00000000a4180000, 0x00000000e0000000)
  object space 67072K, 17% used [0x00000000a0000000,0x00000000a0b98338,0x00000000a4180000)
 Metaspace       used 20672K, capacity 21014K, committed 21248K, reserved 1067008K
  class space    used 2911K, capacity 3049K, committed 3072K, reserved 1048576K
}
Event: 9.005 GC heap before
{Heap before GC invocations=7 (full 1):
 PSYoungGen      total 71680K, used 66560K [0x00000000e0000000, 0x00000000e4b00000, 0x0000000100000000)
  eden space 66560K, 100% used [0x00000000e0000000,0x00000000e4100000,0x00000000e4100000)
  from space 5120K, 0% used [0x00000000e4100000,0x00000000e4100000,0x00000000e4600000)
  to   space 5120K, 0% used [0x00000000e4600000,0x00000000e4600000,0x00000000e4b00000)
 ParOldGen       total 67072K, used 11872K [0x00000000a0000000, 0x00000000a4180000, 0x00000000e0000000)
  object space 67072K, 17% used [0x00000000a0000000,0x00000000a0b98338,0x00000000a4180000)
 Metaspace       used 28010K, capacity 28398K, committed 28928K, reserved 1075200K
  class space    used 3816K, capacity 3969K, committed 4096K, reserved 1048576K
Event: 9.016 GC heap after
Heap after GC invocations=7 (full 1):
 PSYoungGen      total 64000K, used 5088K [0x00000000e0000000, 0x00000000e7a80000, 0x0000000100000000)
  eden space 58880K, 0% used [0x00000000e0000000,0x00000000e0000000,0x00000000e3980000)
  from space 5120K, 99% used [0x00000000e4600000,0x00000000e4af80b0,0x00000000e4b00000)
  to   space 12800K, 0% used [0x00000000e3980000,0x00000000e3980000,0x00000000e4600000)
 ParOldGen       total 67072K, used 15074K [0x00000000a0000000, 0x00000000a4180000, 0x00000000e0000000)
  object space 67072K, 22% used [0x00000000a0000000,0x00000000a0eb8870,0x00000000a4180000)
 Metaspace       used 28010K, capacity 28398K, committed 28928K, reserved 1075200K
  class space    used 3816K, capacity 3969K, committed 4096K, reserved 1048576K
}

