# JRE version: OpenJDK Runtime Environment (8.0_242-b01) (build 1.8.0_242-release-1644-b01)
# Java VM: OpenJDK 64-Bit Server VM (25.242-b01 mixed mode windows-amd64 compressed oops)
Heap:
 PSYoungGen      total 160768K, used 34652K [0x00000000e0000000, 0x00000000ede80000, 0x0000000100000000)
  eden space 145920K, 13% used [0x00000000e0000000,0x00000000e135e060,0x00000000e8e80000)
  from space 14848K, 99% used [0x00000000e8e80000,0x00000000e9cf9148,0x00000000e9d00000)
  to   space 18944K, 0% used [0x00000000ecc00000,0x00000000ecc00000,0x00000000ede80000)
 ParOldGen       total 83456K, used 24418K [0x00000000a0000000, 0x00000000a5180000, 0x00000000e0000000)
  object space 83456K, 29% used [0x00000000a0000000,0x00000000a17d8a98,0x00000000a5180000)
 Metaspace       used 54324K, capacity 56006K, committed 56280K, reserved 1097728K
  class space    used 7387K, capacity 7840K, committed 7936K, reserved 1048576K
GC Heap History (10 events):
Event: 11.243 GC heap before
{Heap before GC invocations=9 (full 1):
 PSYoungGen      total 76800K, used 73860K [0x00000000e0000000, 0x00000000e7f80000, 0x0000000100000000)
  eden space 65536K, 100% used [0x00000000e0000000,0x00000000e4000000,0x00000000e4000000)
  from space 11264K, 73% used [0x00000000e4000000,0x00000000e48213f8,0x00000000e4b00000)
  to   space 11776K, 0% used [0x00000000e7400000,0x00000000e7400000,0x00000000e7f80000)
 ParOldGen       total 57344K, used 9278K [0x00000000a0000000, 0x00000000a3800000, 0x00000000e0000000)
  object space 57344K, 16% used [0x00000000a0000000,0x00000000a090fa90,0x00000000a3800000)
 Metaspace       used 31273K, capacity 31756K, committed 32128K, reserved 1077248K
  class space    used 4268K, capacity 4427K, committed 4480K, reserved 1048576K
Event: 11.272 GC heap after
Heap after GC invocations=9 (full 1):
 PSYoungGen      total 118272K, used 9051K [0x00000000e0000000, 0x00000000e8380000, 0x0000000100000000)
  eden space 106496K, 0% used [0x00000000e0000000,0x00000000e0000000,0x00000000e6800000)
  from space 11776K, 76% used [0x00000000e7400000,0x00000000e7cd6fe0,0x00000000e7f80000)
  to   space 12288K, 0% used [0x00000000e6800000,0x00000000e6800000,0x00000000e7400000)
 ParOldGen       total 57344K, used 9286K [0x00000000a0000000, 0x00000000a3800000, 0x00000000e0000000)
  object space 57344K, 16% used [0x00000000a0000000,0x00000000a0911a90,0x00000000a3800000)
 Metaspace       used 31273K, capacity 31756K, committed 32128K, reserved 1077248K
  class space    used 4268K, capacity 4427K, committed 4480K, reserved 1048576K
}
Event: 13.205 GC heap before
{Heap before GC invocations=10 (full 1):
 PSYoungGen      total 118272K, used 81839K [0x00000000e0000000, 0x00000000e8380000, 0x0000000100000000)
  eden space 106496K, 68% used [0x00000000e0000000,0x00000000e4714d40,0x00000000e6800000)
  from space 11776K, 76% used [0x00000000e7400000,0x00000000e7cd6fe0,0x00000000e7f80000)
  to   space 12288K, 0% used [0x00000000e6800000,0x00000000e6800000,0x00000000e7400000)
 ParOldGen       total 57344K, used 9286K [0x00000000a0000000, 0x00000000a3800000, 0x00000000e0000000)
  object space 57344K, 16% used [0x00000000a0000000,0x00000000a0911a90,0x00000000a3800000)
 Metaspace       used 34513K, capacity 35388K, committed 35416K, reserved 1079296K
  class space    used 4722K, capacity 4991K, committed 4992K, reserved 1048576K
Event: 13.233 GC heap after
Heap after GC invocations=10 (full 1):
 PSYoungGen      total 118784K, used 11732K [0x00000000e0000000, 0x00000000eab80000, 0x0000000100000000)
  eden space 106496K, 0% used [0x00000000e0000000,0x00000000e0000000,0x00000000e6800000)
  from space 12288K, 95% used [0x00000000e6800000,0x00000000e7375338,0x00000000e7400000)
  to   space 13312K, 0% used [0x00000000e9e80000,0x00000000e9e80000,0x00000000eab80000)
 ParOldGen       total 57344K, used 9294K [0x00000000a0000000, 0x00000000a3800000, 0x00000000e0000000)
  object space 57344K, 16% used [0x00000000a0000000,0x00000000a0913a90,0x00000000a3800000)
 Metaspace       used 34513K, capacity 35388K, committed 35416K, reserved 1079296K
  class space    used 4722K, capacity 4991K, committed 4992K, reserved 1048576K
}
Event: 13.233 GC heap before
{Heap before GC invocations=11 (full 2):
 PSYoungGen      total 118784K, used 11732K [0x00000000e0000000, 0x00000000eab80000, 0x0000000100000000)
  eden space 106496K, 0% used [0x00000000e0000000,0x00000000e0000000,0x00000000e6800000)
  from space 12288K, 95% used [0x00000000e6800000,0x00000000e7375338,0x00000000e7400000)
  to   space 13312K, 0% used [0x00000000e9e80000,0x00000000e9e80000,0x00000000eab80000)
 ParOldGen       total 57344K, used 9294K [0x00000000a0000000, 0x00000000a3800000, 0x00000000e0000000)
  object space 57344K, 16% used [0x00000000a0000000,0x00000000a0913a90,0x00000000a3800000)
 Metaspace       used 34513K, capacity 35388K, committed 35416K, reserved 1079296K
  class space    used 4722K, capacity 4991K, committed 4992K, reserved 1048576K
Event: 13.306 GC heap after
Heap after GC invocations=11 (full 2):
 PSYoungGen      total 118784K, used 0K [0x00000000e0000000, 0x00000000eab80000, 0x0000000100000000)
  eden space 106496K, 0% used [0x00000000e0000000,0x00000000e0000000,0x00000000e6800000)
  from space 12288K, 0% used [0x00000000e6800000,0x00000000e6800000,0x00000000e7400000)
  to   space 13312K, 0% used [0x00000000e9e80000,0x00000000e9e80000,0x00000000eab80000)
 ParOldGen       total 83456K, used 18443K [0x00000000a0000000, 0x00000000a5180000, 0x00000000e0000000)
  object space 83456K, 22% used [0x00000000a0000000,0x00000000a1202eb8,0x00000000a5180000)
 Metaspace       used 34493K, capacity 35322K, committed 35416K, reserved 1079296K
  class space    used 4716K, capacity 4980K, committed 4992K, reserved 1048576K
}
Event: 16.139 GC heap before
{Heap before GC invocations=12 (full 2):
 PSYoungGen      total 118784K, used 106496K [0x00000000e0000000, 0x00000000eab80000, 0x0000000100000000)
  eden space 106496K, 100% used [0x00000000e0000000,0x00000000e6800000,0x00000000e6800000)
  from space 12288K, 0% used [0x00000000e6800000,0x00000000e6800000,0x00000000e7400000)
  to   space 13312K, 0% used [0x00000000e9e80000,0x00000000e9e80000,0x00000000eab80000)
 ParOldGen       total 83456K, used 18443K [0x00000000a0000000, 0x00000000a5180000, 0x00000000e0000000)
  object space 83456K, 22% used [0x00000000a0000000,0x00000000a1202eb8,0x00000000a5180000)
 Metaspace       used 44851K, capacity 45832K, committed 46296K, reserved 1089536K
  class space    used 5981K, capacity 6284K, committed 6400K, reserved 1048576K
Event: 16.159 GC heap after
Heap after GC invocations=12 (full 2):
 PSYoungGen      total 156672K, used 13206K [0x00000000e0000000, 0x00000000eab80000, 0x0000000100000000)
  eden space 143360K, 0% used [0x00000000e0000000,0x00000000e0000000,0x00000000e8c00000)
  from space 13312K, 99% used [0x00000000e9e80000,0x00000000eab65980,0x00000000eab80000)
  to   space 14848K, 0% used [0x00000000e8e80000,0x00000000e8e80000,0x00000000e9d00000)
 ParOldGen       total 83456K, used 18451K [0x00000000a0000000, 0x00000000a5180000, 0x00000000e0000000)
  object space 83456K, 22% used [0x00000000a0000000,0x00000000a1204eb8,0x00000000a5180000)
 Metaspace       used 44851K, capacity 45832K, committed 46296K, reserved 1089536K
  class space    used 5981K, capacity 6284K, committed 6400K, reserved 1048576K
}
Event: 19.556 GC heap before
{Heap before GC invocations=13 (full 2):
 PSYoungGen      total 156672K, used 156566K [0x00000000e0000000, 0x00000000eab80000, 0x0000000100000000)
  eden space 143360K, 100% used [0x00000000e0000000,0x00000000e8c00000,0x00000000e8c00000)
  from space 13312K, 99% used [0x00000000e9e80000,0x00000000eab65980,0x00000000eab80000)
  to   space 14848K, 0% used [0x00000000e8e80000,0x00000000e8e80000,0x00000000e9d00000)
 ParOldGen       total 83456K, used 18451K [0x00000000a0000000, 0x00000000a5180000, 0x00000000e0000000)
  object space 83456K, 22% used [0x00000000a0000000,0x00000000a1204eb8,0x00000000a5180000)
 Metaspace       used 53254K, capacity 54872K, committed 55128K, reserved 1097728K
  class space    used 7240K, capacity 7701K, committed 7808K, reserved 1048576K
Event: 19.584 GC heap after
Heap after GC invocations=13 (full 2):
 PSYoungGen      total 160768K, used 14820K [0x00000000e0000000, 0x00000000ede80000, 0x0000000100000000)
  eden space 145920K, 0% used [0x00000000e0000000,0x00000000e0000000,0x00000000e8e80000)
  from space 14848K, 99% used [0x00000000e8e80000,0x00000000e9cf9148,0x00000000e9d00000)
  to   space 18944K, 0% used [0x00000000ecc00000,0x00000000ecc00000,0x00000000ede80000)
 ParOldGen       total 83456K, used 24418K [0x00000000a0000000, 0x00000000a5180000, 0x00000000e0000000)
  object space 83456K, 29% used [0x00000000a0000000,0x00000000a17d8a98,0x00000000a5180000)
 Metaspace       used 53254K, capacity 54872K, committed 55128K, reserved 1097728K
  class space    used 7240K, capacity 7701K, committed 7808K, reserved 1048576K
}

