# JRE version: OpenJDK Runtime Environment (8.0_242-b01) (build 1.8.0_242-release-1644-b01)
# Java VM: OpenJDK 64-Bit Server VM (25.242-b01 mixed mode windows-amd64 compressed oops)
Heap:
 PSYoungGen      total 118784K, used 53463K [0x00000000e0000000, 0x00000000ea900000, 0x0000000100000000)
  eden space 106496K, 50% used [0x00000000e0000000,0x00000000e3435c78,0x00000000e6800000)
  from space 12288K, 0% used [0x00000000e6800000,0x00000000e6800000,0x00000000e7400000)
  to   space 13312K, 0% used [0x00000000e9c00000,0x00000000e9c00000,0x00000000ea900000)
 ParOldGen       total 58368K, used 18420K [0x00000000a0000000, 0x00000000a3900000, 0x00000000e0000000)
  object space 58368K, 31% used [0x00000000a0000000,0x00000000a11fd000,0x00000000a3900000)
 Metaspace       used 41136K, capacity 42094K, committed 42200K, reserved 1085440K
  class space    used 5540K, capacity 5819K, committed 5888K, reserved 1048576K
GC Heap History (10 events):
Event: 7.010 GC heap before
{Heap before GC invocations=7 (full 1):
 PSYoungGen      total 75776K, used 8857K [0x00000000e0000000, 0x00000000e5700000, 0x0000000100000000)
  eden space 65536K, 0% used [0x00000000e0000000,0x00000000e0000000,0x00000000e4000000)
  from space 10240K, 86% used [0x00000000e4b00000,0x00000000e53a6418,0x00000000e5500000)
  to   space 11264K, 0% used [0x00000000e4000000,0x00000000e4000000,0x00000000e4b00000)
 ParOldGen       total 87552K, used 6916K [0x00000000a0000000, 0x00000000a5580000, 0x00000000e0000000)
  object space 87552K, 7% used [0x00000000a0000000,0x00000000a06c1320,0x00000000a5580000)
 Metaspace       used 20670K, capacity 21014K, committed 21248K, reserved 1067008K
  class space    used 2910K, capacity 3049K, committed 3072K, reserved 1048576K
Event: 7.070 GC heap after
Heap after GC invocations=7 (full 1):
 PSYoungGen      total 75776K, used 0K [0x00000000e0000000, 0x00000000e5700000, 0x0000000100000000)
  eden space 65536K, 0% used [0x00000000e0000000,0x00000000e0000000,0x00000000e4000000)
  from space 10240K, 0% used [0x00000000e4b00000,0x00000000e4b00000,0x00000000e5500000)
  to   space 11264K, 0% used [0x00000000e4000000,0x00000000e4000000,0x00000000e4b00000)
 ParOldGen       total 58368K, used 9271K [0x00000000a0000000, 0x00000000a3900000, 0x00000000e0000000)
  object space 58368K, 15% used [0x00000000a0000000,0x00000000a090dce8,0x00000000a3900000)
 Metaspace       used 20670K, capacity 21014K, committed 21248K, reserved 1067008K
  class space    used 2910K, capacity 3049K, committed 3072K, reserved 1048576K
}
Event: 9.111 GC heap before
{Heap before GC invocations=8 (full 1):
 PSYoungGen      total 75776K, used 65536K [0x00000000e0000000, 0x00000000e5700000, 0x0000000100000000)
  eden space 65536K, 100% used [0x00000000e0000000,0x00000000e4000000,0x00000000e4000000)
  from space 10240K, 0% used [0x00000000e4b00000,0x00000000e4b00000,0x00000000e5500000)
  to   space 11264K, 0% used [0x00000000e4000000,0x00000000e4000000,0x00000000e4b00000)
 ParOldGen       total 58368K, used 9271K [0x00000000a0000000, 0x00000000a3900000, 0x00000000e0000000)
  object space 58368K, 15% used [0x00000000a0000000,0x00000000a090dce8,0x00000000a3900000)
 Metaspace       used 27969K, capacity 28334K, committed 28672K, reserved 1073152K
  class space    used 3811K, capacity 3969K, committed 4096K, reserved 1048576K
Event: 9.127 GC heap after
Heap after GC invocations=8 (full 1):
 PSYoungGen      total 76800K, used 8295K [0x00000000e0000000, 0x00000000e7f80000, 0x0000000100000000)
  eden space 65536K, 0% used [0x00000000e0000000,0x00000000e0000000,0x00000000e4000000)
  from space 11264K, 73% used [0x00000000e4000000,0x00000000e4819c30,0x00000000e4b00000)
  to   space 11776K, 0% used [0x00000000e7400000,0x00000000e7400000,0x00000000e7f80000)
 ParOldGen       total 58368K, used 9279K [0x00000000a0000000, 0x00000000a3900000, 0x00000000e0000000)
  object space 58368K, 15% used [0x00000000a0000000,0x00000000a090fce8,0x00000000a3900000)
 Metaspace       used 27969K, capacity 28334K, committed 28672K, reserved 1073152K
  class space    used 3811K, capacity 3969K, committed 4096K, reserved 1048576K
}
Event: 10.027 GC heap before
{Heap before GC invocations=9 (full 1):
 PSYoungGen      total 76800K, used 73831K [0x00000000e0000000, 0x00000000e7f80000, 0x0000000100000000)
  eden space 65536K, 100% used [0x00000000e0000000,0x00000000e4000000,0x00000000e4000000)
  from space 11264K, 73% used [0x00000000e4000000,0x00000000e4819c30,0x00000000e4b00000)
  to   space 11776K, 0% used [0x00000000e7400000,0x00000000e7400000,0x00000000e7f80000)
 ParOldGen       total 58368K, used 9279K [0x00000000a0000000, 0x00000000a3900000, 0x00000000e0000000)
  object space 58368K, 15% used [0x00000000a0000000,0x00000000a090fce8,0x00000000a3900000)
 Metaspace       used 31322K, capacity 31838K, committed 32128K, reserved 1077248K
  class space    used 4274K, capacity 4430K, committed 4480K, reserved 1048576K
Event: 10.044 GC heap after
Heap after GC invocations=9 (full 1):
 PSYoungGen      total 118272K, used 9145K [0x00000000e0000000, 0x00000000e8180000, 0x0000000100000000)
  eden space 106496K, 0% used [0x00000000e0000000,0x00000000e0000000,0x00000000e6800000)
  from space 11776K, 77% used [0x00000000e7400000,0x00000000e7cee528,0x00000000e7f80000)
  to   space 12288K, 0% used [0x00000000e6800000,0x00000000e6800000,0x00000000e7400000)
 ParOldGen       total 58368K, used 9287K [0x00000000a0000000, 0x00000000a3900000, 0x00000000e0000000)
  object space 58368K, 15% used [0x00000000a0000000,0x00000000a0911ce8,0x00000000a3900000)
 Metaspace       used 31322K, capacity 31838K, committed 32128K, reserved 1077248K
  class space    used 4274K, capacity 4430K, committed 4480K, reserved 1048576K
}
Event: 11.465 GC heap before
{Heap before GC invocations=10 (full 1):
 PSYoungGen      total 118272K, used 81064K [0x00000000e0000000, 0x00000000e8180000, 0x0000000100000000)
  eden space 106496K, 67% used [0x00000000e0000000,0x00000000e463bcc8,0x00000000e6800000)
  from space 11776K, 77% used [0x00000000e7400000,0x00000000e7cee528,0x00000000e7f80000)
  to   space 12288K, 0% used [0x00000000e6800000,0x00000000e6800000,0x00000000e7400000)
 ParOldGen       total 58368K, used 9287K [0x00000000a0000000, 0x00000000a3900000, 0x00000000e0000000)
  object space 58368K, 15% used [0x00000000a0000000,0x00000000a0911ce8,0x00000000a3900000)
 Metaspace       used 34597K, capacity 35392K, committed 35416K, reserved 1079296K
  class space    used 4723K, capacity 4981K, committed 4992K, reserved 1048576K
Event: 11.478 GC heap after
Heap after GC invocations=10 (full 1):
 PSYoungGen      total 118784K, used 11774K [0x00000000e0000000, 0x00000000ea900000, 0x0000000100000000)
  eden space 106496K, 0% used [0x00000000e0000000,0x00000000e0000000,0x00000000e6800000)
  from space 12288K, 95% used [0x00000000e6800000,0x00000000e737f838,0x00000000e7400000)
  to   space 13312K, 0% used [0x00000000e9c00000,0x00000000e9c00000,0x00000000ea900000)
 ParOldGen       total 58368K, used 9295K [0x00000000a0000000, 0x00000000a3900000, 0x00000000e0000000)
  object space 58368K, 15% used [0x00000000a0000000,0x00000000a0913ce8,0x00000000a3900000)
 Metaspace       used 34597K, capacity 35392K, committed 35416K, reserved 1079296K
  class space    used 4723K, capacity 4981K, committed 4992K, reserved 1048576K
}
Event: 11.478 GC heap before
{Heap before GC invocations=11 (full 2):
 PSYoungGen      total 118784K, used 11774K [0x00000000e0000000, 0x00000000ea900000, 0x0000000100000000)
  eden space 106496K, 0% used [0x00000000e0000000,0x00000000e0000000,0x00000000e6800000)
  from space 12288K, 95% used [0x00000000e6800000,0x00000000e737f838,0x00000000e7400000)
  to   space 13312K, 0% used [0x00000000e9c00000,0x00000000e9c00000,0x00000000ea900000)
 ParOldGen       total 58368K, used 9295K [0x00000000a0000000, 0x00000000a3900000, 0x00000000e0000000)
  object space 58368K, 15% used [0x00000000a0000000,0x00000000a0913ce8,0x00000000a3900000)
 Metaspace       used 34597K, capacity 35392K, committed 35416K, reserved 1079296K
  class space    used 4723K, capacity 4981K, committed 4992K, reserved 1048576K
Event: 11.545 GC heap after
Heap after GC invocations=11 (full 2):
 PSYoungGen      total 118784K, used 0K [0x00000000e0000000, 0x00000000ea900000, 0x0000000100000000)
  eden space 106496K, 0% used [0x00000000e0000000,0x00000000e0000000,0x00000000e6800000)
  from space 12288K, 0% used [0x00000000e6800000,0x00000000e6800000,0x00000000e7400000)
  to   space 13312K, 0% used [0x00000000e9c00000,0x00000000e9c00000,0x00000000ea900000)
 ParOldGen       total 58368K, used 18420K [0x00000000a0000000, 0x00000000a3900000, 0x00000000e0000000)
  object space 58368K, 31% used [0x00000000a0000000,0x00000000a11fd000,0x00000000a3900000)
 Metaspace       used 34596K, capacity 35386K, committed 35416K, reserved 1079296K
  class space    used 4722K, capacity 4980K, committed 4992K, reserved 1048576K
}

