# Java VM: OpenJDK 64-Bit Server VM (25.242-b01 mixed mode windows-amd64 compressed oops)
Heap:
 PSYoungGen      total 205824K, used 99494K [0x00000000e0000000, 0x00000000f2a00000, 0x0000000100000000)
  eden space 183296K, 54% used [0x00000000e0000000,0x00000000e6129808,0x00000000eb300000)
  from space 22528K, 0% used [0x00000000eb300000,0x00000000eb300000,0x00000000ec900000)
  to   space 25600K, 0% used [0x00000000f1100000,0x00000000f1100000,0x00000000f2a00000)
 ParOldGen       total 146432K, used 35603K [0x00000000a0000000, 0x00000000a8f00000, 0x00000000e0000000)
  object space 146432K, 24% used [0x00000000a0000000,0x00000000a22c4d98,0x00000000a8f00000)
 Metaspace       used 59060K, capacity 61728K, committed 62040K, reserved 1101824K
  class space    used 8015K, capacity 8757K, committed 8832K, reserved 1048576K
GC Heap History (10 events):
Event: 11.549 GC heap before
{Heap before GC invocations=10 (full 2):
 PSYoungGen      total 166400K, used 9681K [0x00000000e0000000, 0x00000000edb00000, 0x0000000100000000)
  eden space 152064K, 0% used [0x00000000e0000000,0x00000000e0000000,0x00000000e9480000)
  from space 14336K, 67% used [0x00000000ea280000,0x00000000eabf46b8,0x00000000eb080000)
  to   space 14336K, 0% used [0x00000000e9480000,0x00000000e9480000,0x00000000ea280000)
 ParOldGen       total 67072K, used 11925K [0x00000000a0000000, 0x00000000a4180000, 0x00000000e0000000)
  object space 67072K, 17% used [0x00000000a0000000,0x00000000a0ba5778,0x00000000a4180000)
 Metaspace       used 34621K, capacity 35404K, committed 35416K, reserved 1079296K
  class space    used 4717K, capacity 4983K, committed 4992K, reserved 1048576K
Event: 11.666 GC heap after
Heap after GC invocations=10 (full 2):
 PSYoungGen      total 166400K, used 0K [0x00000000e0000000, 0x00000000edb00000, 0x0000000100000000)
  eden space 152064K, 0% used [0x00000000e0000000,0x00000000e0000000,0x00000000e9480000)
  from space 14336K, 0% used [0x00000000ea280000,0x00000000ea280000,0x00000000eb080000)
  to   space 14336K, 0% used [0x00000000e9480000,0x00000000e9480000,0x00000000ea280000)
 ParOldGen       total 100352K, used 16440K [0x00000000a0000000, 0x00000000a6200000, 0x00000000e0000000)
  object space 100352K, 16% used [0x00000000a0000000,0x00000000a100e0d8,0x00000000a6200000)
 Metaspace       used 34616K, capacity 35386K, committed 35416K, reserved 1079296K
  class space    used 4715K, capacity 4980K, committed 4992K, reserved 1048576K
}
Event: 14.957 GC heap before
{Heap before GC invocations=11 (full 2):
 PSYoungGen      total 166400K, used 152064K [0x00000000e0000000, 0x00000000edb00000, 0x0000000100000000)
  eden space 152064K, 100% used [0x00000000e0000000,0x00000000e9480000,0x00000000e9480000)
  from space 14336K, 0% used [0x00000000ea280000,0x00000000ea280000,0x00000000eb080000)
  to   space 14336K, 0% used [0x00000000e9480000,0x00000000e9480000,0x00000000ea280000)
 ParOldGen       total 100352K, used 16440K [0x00000000a0000000, 0x00000000a6200000, 0x00000000e0000000)
  object space 100352K, 16% used [0x00000000a0000000,0x00000000a100e0d8,0x00000000a6200000)
 Metaspace       used 46717K, capacity 47810K, committed 48088K, reserved 1091584K
  class space    used 6260K, capacity 6604K, committed 6656K, reserved 1048576K
Event: 14.987 GC heap after
Heap after GC invocations=11 (full 2):
 PSYoungGen      total 166400K, used 14306K [0x00000000e0000000, 0x00000000eda80000, 0x0000000100000000)
  eden space 152064K, 0% used [0x00000000e0000000,0x00000000e0000000,0x00000000e9480000)
  from space 14336K, 99% used [0x00000000e9480000,0x00000000ea278b00,0x00000000ea280000)
  to   space 17920K, 0% used [0x00000000ec900000,0x00000000ec900000,0x00000000eda80000)
 ParOldGen       total 100352K, used 20112K [0x00000000a0000000, 0x00000000a6200000, 0x00000000e0000000)
  object space 100352K, 20% used [0x00000000a0000000,0x00000000a13a4380,0x00000000a6200000)
 Metaspace       used 46717K, capacity 47810K, committed 48088K, reserved 1091584K
  class space    used 6260K, capacity 6604K, committed 6656K, reserved 1048576K
}
Event: 18.445 GC heap before
{Heap before GC invocations=12 (full 2):
 PSYoungGen      total 166400K, used 166370K [0x00000000e0000000, 0x00000000eda80000, 0x0000000100000000)
  eden space 152064K, 100% used [0x00000000e0000000,0x00000000e9480000,0x00000000e9480000)
  from space 14336K, 99% used [0x00000000e9480000,0x00000000ea278b00,0x00000000ea280000)
  to   space 17920K, 0% used [0x00000000ec900000,0x00000000ec900000,0x00000000eda80000)
 ParOldGen       total 100352K, used 20112K [0x00000000a0000000, 0x00000000a6200000, 0x00000000e0000000)
  object space 100352K, 20% used [0x00000000a0000000,0x00000000a13a4380,0x00000000a6200000)
 Metaspace       used 56120K, capacity 57852K, committed 58072K, reserved 1099776K
  class space    used 7614K, capacity 8094K, committed 8192K, reserved 1048576K
Event: 18.519 GC heap after
Heap after GC invocations=12 (full 2):
 PSYoungGen      total 201216K, used 17888K [0x00000000e0000000, 0x00000000ee780000, 0x0000000100000000)
  eden space 183296K, 0% used [0x00000000e0000000,0x00000000e0000000,0x00000000eb300000)
  from space 17920K, 99% used [0x00000000ec900000,0x00000000eda78018,0x00000000eda80000)
  to   space 22528K, 0% used [0x00000000eb300000,0x00000000eb300000,0x00000000ec900000)
 ParOldGen       total 100352K, used 26716K [0x00000000a0000000, 0x00000000a6200000, 0x00000000e0000000)
  object space 100352K, 26% used [0x00000000a0000000,0x00000000a1a173b8,0x00000000a6200000)
 Metaspace       used 56120K, capacity 57852K, committed 58072K, reserved 1099776K
  class space    used 7614K, capacity 8094K, committed 8192K, reserved 1048576K
}
Event: 19.325 GC heap before
{Heap before GC invocations=13 (full 2):
 PSYoungGen      total 201216K, used 59340K [0x00000000e0000000, 0x00000000ee780000, 0x0000000100000000)
  eden space 183296K, 22% used [0x00000000e0000000,0x00000000e287b220,0x00000000eb300000)
  from space 17920K, 99% used [0x00000000ec900000,0x00000000eda78018,0x00000000eda80000)
  to   space 22528K, 0% used [0x00000000eb300000,0x00000000eb300000,0x00000000ec900000)
 ParOldGen       total 100352K, used 26716K [0x00000000a0000000, 0x00000000a6200000, 0x00000000e0000000)
  object space 100352K, 26% used [0x00000000a0000000,0x00000000a1a173b8,0x00000000a6200000)
 Metaspace       used 57008K, capacity 58862K, committed 58968K, reserved 1099776K
  class space    used 7746K, capacity 8265K, committed 8320K, reserved 1048576K
Event: 19.403 GC heap after
Heap after GC invocations=13 (full 2):
 PSYoungGen      total 205824K, used 20892K [0x00000000e0000000, 0x00000000f2a00000, 0x0000000100000000)
  eden space 183296K, 0% used [0x00000000e0000000,0x00000000e0000000,0x00000000eb300000)
  from space 22528K, 92% used [0x00000000eb300000,0x00000000ec767070,0x00000000ec900000)
  to   space 25600K, 0% used [0x00000000f1100000,0x00000000f1100000,0x00000000f2a00000)
 ParOldGen       total 100352K, used 26724K [0x00000000a0000000, 0x00000000a6200000, 0x00000000e0000000)
  object space 100352K, 26% used [0x00000000a0000000,0x00000000a1a193b8,0x00000000a6200000)
 Metaspace       used 57008K, capacity 58862K, committed 58968K, reserved 1099776K
  class space    used 7746K, capacity 8265K, committed 8320K, reserved 1048576K
}
Event: 19.404 GC heap before
{Heap before GC invocations=14 (full 3):
 PSYoungGen      total 205824K, used 20892K [0x00000000e0000000, 0x00000000f2a00000, 0x0000000100000000)
  eden space 183296K, 0% used [0x00000000e0000000,0x00000000e0000000,0x00000000eb300000)
  from space 22528K, 92% used [0x00000000eb300000,0x00000000ec767070,0x00000000ec900000)
  to   space 25600K, 0% used [0x00000000f1100000,0x00000000f1100000,0x00000000f2a00000)
 ParOldGen       total 100352K, used 26724K [0x00000000a0000000, 0x00000000a6200000, 0x00000000e0000000)
  object space 100352K, 26% used [0x00000000a0000000,0x00000000a1a193b8,0x00000000a6200000)
 Metaspace       used 57008K, capacity 58862K, committed 58968K, reserved 1099776K
  class space    used 7746K, capacity 8265K, committed 8320K, reserved 1048576K
Event: 20.016 GC heap after
Heap after GC invocations=14 (full 3):
 PSYoungGen      total 205824K, used 0K [0x00000000e0000000, 0x00000000f2a00000, 0x0000000100000000)
  eden space 183296K, 0% used [0x00000000e0000000,0x00000000e0000000,0x00000000eb300000)
  from space 22528K, 0% used [0x00000000eb300000,0x00000000eb300000,0x00000000ec900000)
  to   space 25600K, 0% used [0x00000000f1100000,0x00000000f1100000,0x00000000f2a00000)
 ParOldGen       total 146432K, used 35603K [0x00000000a0000000, 0x00000000a8f00000, 0x00000000e0000000)
  object space 146432K, 24% used [0x00000000a0000000,0x00000000a22c4d98,0x00000000a8f00000)
 Metaspace       used 57008K, capacity 58862K, committed 58968K, reserved 1099776K
  class space    used 7746K, capacity 8265K, committed 8320K, reserved 1048576K
}

