# JRE version: OpenJDK Runtime Environment (8.0_242-b01) (build 1.8.0_242-release-1644-b01)
# Java VM: OpenJDK 64-Bit Server VM (25.242-b01 mixed mode windows-amd64 compressed oops)
Heap:
 PSYoungGen      total 136704K, used 40341K [0x00000000e0000000, 0x00000000e9600000, 0x0000000100000000)
  eden space 121856K, 20% used [0x00000000e0000000,0x00000000e18ebd28,0x00000000e7700000)
  from space 14848K, 99% used [0x00000000e7700000,0x00000000e8579870,0x00000000e8580000)
  to   space 13312K, 0% used [0x00000000e8580000,0x00000000e8580000,0x00000000e9280000)
 ParOldGen       total 96256K, used 20996K [0x00000000a0000000, 0x00000000a5e00000, 0x00000000e0000000)
  object space 96256K, 21% used [0x00000000a0000000,0x00000000a1481060,0x00000000a5e00000)
 Metaspace       used 52656K, capacity 54204K, committed 54488K, reserved 1095680K
  class space    used 7151K, capacity 7593K, committed 7680K, reserved 1048576K
GC Heap History (10 events):
Event: 10.191 GC heap before
{Heap before GC invocations=9 (full 1):
 PSYoungGen      total 76800K, used 73833K [0x00000000e0000000, 0x00000000e7580000, 0x0000000100000000)
  eden space 65536K, 100% used [0x00000000e0000000,0x00000000e4000000,0x00000000e4000000)
  from space 11264K, 73% used [0x00000000e4000000,0x00000000e481a408,0x00000000e4b00000)
  to   space 11776K, 0% used [0x00000000e6a00000,0x00000000e6a00000,0x00000000e7580000)
 ParOldGen       total 62464K, used 9290K [0x00000000a0000000, 0x00000000a3d00000, 0x00000000e0000000)
  object space 62464K, 14% used [0x00000000a0000000,0x00000000a0912a50,0x00000000a3d00000)
 Metaspace       used 31322K, capacity 31838K, committed 32128K, reserved 1077248K
  class space    used 4268K, capacity 4430K, committed 4480K, reserved 1048576K
Event: 10.209 GC heap after
Heap after GC invocations=9 (full 1):
 PSYoungGen      total 108032K, used 9169K [0x00000000e0000000, 0x00000000e7680000, 0x0000000100000000)
  eden space 96256K, 0% used [0x00000000e0000000,0x00000000e0000000,0x00000000e5e00000)
  from space 11776K, 77% used [0x00000000e6a00000,0x00000000e72f4448,0x00000000e7580000)
  to   space 12288K, 0% used [0x00000000e5e00000,0x00000000e5e00000,0x00000000e6a00000)
 ParOldGen       total 62464K, used 9298K [0x00000000a0000000, 0x00000000a3d00000, 0x00000000e0000000)
  object space 62464K, 14% used [0x00000000a0000000,0x00000000a0914a50,0x00000000a3d00000)
 Metaspace       used 31322K, capacity 31838K, committed 32128K, reserved 1077248K
  class space    used 4268K, capacity 4430K, committed 4480K, reserved 1048576K
}
Event: 12.191 GC heap before
{Heap before GC invocations=10 (full 1):
 PSYoungGen      total 108032K, used 79582K [0x00000000e0000000, 0x00000000e7680000, 0x0000000100000000)
  eden space 96256K, 73% used [0x00000000e0000000,0x00000000e44c3770,0x00000000e5e00000)
  from space 11776K, 77% used [0x00000000e6a00000,0x00000000e72f4448,0x00000000e7580000)
  to   space 12288K, 0% used [0x00000000e5e00000,0x00000000e5e00000,0x00000000e6a00000)
 ParOldGen       total 62464K, used 9298K [0x00000000a0000000, 0x00000000a3d00000, 0x00000000e0000000)
  object space 62464K, 14% used [0x00000000a0000000,0x00000000a0914a50,0x00000000a3d00000)
 Metaspace       used 34483K, capacity 35368K, committed 35416K, reserved 1079296K
  class space    used 4716K, capacity 4961K, committed 4992K, reserved 1048576K
Event: 12.218 GC heap after
Heap after GC invocations=10 (full 1):
 PSYoungGen      total 108544K, used 11664K [0x00000000e0000000, 0x00000000e9280000, 0x0000000100000000)
  eden space 96256K, 0% used [0x00000000e0000000,0x00000000e0000000,0x00000000e5e00000)
  from space 12288K, 94% used [0x00000000e5e00000,0x00000000e6964230,0x00000000e6a00000)
  to   space 13312K, 0% used [0x00000000e8580000,0x00000000e8580000,0x00000000e9280000)
 ParOldGen       total 62464K, used 9306K [0x00000000a0000000, 0x00000000a3d00000, 0x00000000e0000000)
  object space 62464K, 14% used [0x00000000a0000000,0x00000000a0916a50,0x00000000a3d00000)
 Metaspace       used 34483K, capacity 35368K, committed 35416K, reserved 1079296K
  class space    used 4716K, capacity 4961K, committed 4992K, reserved 1048576K
}
Event: 12.218 GC heap before
{Heap before GC invocations=11 (full 2):
 PSYoungGen      total 108544K, used 11664K [0x00000000e0000000, 0x00000000e9280000, 0x0000000100000000)
  eden space 96256K, 0% used [0x00000000e0000000,0x00000000e0000000,0x00000000e5e00000)
  from space 12288K, 94% used [0x00000000e5e00000,0x00000000e6964230,0x00000000e6a00000)
  to   space 13312K, 0% used [0x00000000e8580000,0x00000000e8580000,0x00000000e9280000)
 ParOldGen       total 62464K, used 9306K [0x00000000a0000000, 0x00000000a3d00000, 0x00000000e0000000)
  object space 62464K, 14% used [0x00000000a0000000,0x00000000a0916a50,0x00000000a3d00000)
 Metaspace       used 34483K, capacity 35368K, committed 35416K, reserved 1079296K
  class space    used 4716K, capacity 4961K, committed 4992K, reserved 1048576K
Event: 12.299 GC heap after
Heap after GC invocations=11 (full 2):
 PSYoungGen      total 108544K, used 0K [0x00000000e0000000, 0x00000000e9280000, 0x0000000100000000)
  eden space 96256K, 0% used [0x00000000e0000000,0x00000000e0000000,0x00000000e5e00000)
  from space 12288K, 0% used [0x00000000e5e00000,0x00000000e5e00000,0x00000000e6a00000)
  to   space 13312K, 0% used [0x00000000e8580000,0x00000000e8580000,0x00000000e9280000)
 ParOldGen       total 96256K, used 18266K [0x00000000a0000000, 0x00000000a5e00000, 0x00000000e0000000)
  object space 96256K, 18% used [0x00000000a0000000,0x00000000a11d6988,0x00000000a5e00000)
 Metaspace       used 34460K, capacity 35290K, committed 35416K, reserved 1079296K
  class space    used 4709K, capacity 4948K, committed 4992K, reserved 1048576K
}
Event: 14.628 GC heap before
{Heap before GC invocations=12 (full 2):
 PSYoungGen      total 108544K, used 96256K [0x00000000e0000000, 0x00000000e9280000, 0x0000000100000000)
  eden space 96256K, 100% used [0x00000000e0000000,0x00000000e5e00000,0x00000000e5e00000)
  from space 12288K, 0% used [0x00000000e5e00000,0x00000000e5e00000,0x00000000e6a00000)
  to   space 13312K, 0% used [0x00000000e8580000,0x00000000e8580000,0x00000000e9280000)
 ParOldGen       total 96256K, used 18266K [0x00000000a0000000, 0x00000000a5e00000, 0x00000000e0000000)
  object space 96256K, 18% used [0x00000000a0000000,0x00000000a11d6988,0x00000000a5e00000)
 Metaspace       used 44172K, capacity 45170K, committed 45400K, reserved 1089536K
  class space    used 5907K, capacity 6215K, committed 6272K, reserved 1048576K
Event: 14.653 GC heap after
Heap after GC invocations=12 (full 2):
 PSYoungGen      total 135168K, used 13185K [0x00000000e0000000, 0x00000000e9600000, 0x0000000100000000)
  eden space 121856K, 0% used [0x00000000e0000000,0x00000000e0000000,0x00000000e7700000)
  from space 13312K, 99% used [0x00000000e8580000,0x00000000e9260558,0x00000000e9280000)
  to   space 14848K, 0% used [0x00000000e7700000,0x00000000e7700000,0x00000000e8580000)
 ParOldGen       total 96256K, used 18274K [0x00000000a0000000, 0x00000000a5e00000, 0x00000000e0000000)
  object space 96256K, 18% used [0x00000000a0000000,0x00000000a11d8988,0x00000000a5e00000)
 Metaspace       used 44172K, capacity 45170K, committed 45400K, reserved 1089536K
  class space    used 5907K, capacity 6215K, committed 6272K, reserved 1048576K
}
Event: 17.717 GC heap before
{Heap before GC invocations=13 (full 2):
 PSYoungGen      total 135168K, used 135041K [0x00000000e0000000, 0x00000000e9600000, 0x0000000100000000)
  eden space 121856K, 100% used [0x00000000e0000000,0x00000000e7700000,0x00000000e7700000)
  from space 13312K, 99% used [0x00000000e8580000,0x00000000e9260558,0x00000000e9280000)
  to   space 14848K, 0% used [0x00000000e7700000,0x00000000e7700000,0x00000000e8580000)
 ParOldGen       total 96256K, used 18274K [0x00000000a0000000, 0x00000000a5e00000, 0x00000000e0000000)
  object space 96256K, 18% used [0x00000000a0000000,0x00000000a11d8988,0x00000000a5e00000)
 Metaspace       used 50725K, capacity 52192K, committed 52312K, reserved 1093632K
  class space    used 6838K, capacity 7277K, committed 7296K, reserved 1048576K
Event: 17.758 GC heap after
Heap after GC invocations=13 (full 2):
 PSYoungGen      total 136704K, used 14822K [0x00000000e0000000, 0x00000000e9600000, 0x0000000100000000)
  eden space 121856K, 0% used [0x00000000e0000000,0x00000000e0000000,0x00000000e7700000)
  from space 14848K, 99% used [0x00000000e7700000,0x00000000e8579870,0x00000000e8580000)
  to   space 13312K, 0% used [0x00000000e8580000,0x00000000e8580000,0x00000000e9280000)
 ParOldGen       total 96256K, used 20996K [0x00000000a0000000, 0x00000000a5e00000, 0x00000000e0000000)
  object space 96256K, 21% used [0x00000000a0000000,0x00000000a1481060,0x00000000a5e00000)
 Metaspace       used 50725K, capacity 52192K, committed 52312K, reserved 1093632K
  class space    used 6838K, capacity 7277K, committed 7296K, reserved 1048576K
}

